{
  "stats": {
    "suites": 1,
    "tests": 1,
    "passes": 1,
    "pending": 0,
    "failures": 0,
    "start": "2024-07-27T10:54:03.827Z",
    "end": "2024-07-27T10:54:08.883Z",
    "duration": 5056,
    "testsRegistered": 1,
    "passPercent": 100,
    "pendingPercent": 0,
    "other": 0,
    "hasOther": false,
    "skipped": 0,
    "hasSkipped": false
  },
  "results": [
    {
      "uuid": "191370f6-2402-48cc-a82d-c9b42f0a7935",
      "title": "",
      "fullFile": "cypress\\e2e\\Add-Product-To-Cart.cy.js",
      "file": "cypress\\e2e\\Add-Product-To-Cart.cy.js",
      "beforeHooks": [],
      "afterHooks": [],
      "tests": [],
      "suites": [
        {
          "uuid": "a186df28-21ba-4568-8b4a-6593f2f09434",
          "title": "Add product to cart",
          "fullFile": "",
          "file": "",
          "beforeHooks": [],
          "afterHooks": [],
          "tests": [
            {
              "title": "should summarize products price",
              "fullTitle": "Add product to cart should summarize products price",
              "timedOut": null,
              "duration": 2490,
              "state": "passed",
              "speed": "fast",
              "pass": true,
              "fail": false,
              "pending": false,
              "context": null,
              "code": "const shopPage = new _ShopPage.default();\n// Total price of the product\nlet totalPrice = 0;\ncy.visit('https://rahulshettyacademy.com/angularpractice/shop');\n// The cart is empty\nshopPage.getCartProducts().contains('0');\n// Add multiple products to the cart\nproducts.forEach(product => cy.addProduct(product));\n// Product was added to the cart\ncy.get('#navbarResponsive > .navbar-nav > .nav-item > .nav-link').contains(products.length);\ncy.get('#navbarResponsive > .navbar-nav > .nav-item > .nav-link').click();\ncy.get('tbody').should('have.length.above', 0);\n// Get price of every product\ncy.get('tr td:nth-child(4) strong').each(element => {\n  const productPrice = Number(element.text().slice(2));\n  totalPrice += productPrice;\n});\n// Total price assertion\ncy.get('h3 > strong').then(index => {\n  const total = Number(index.text().slice(2));\n  expect(total).to.be.eq(totalPrice);\n});",
              "err": {},
              "uuid": "2e2183f8-c754-44cc-bc1f-6e32239b41cf",
              "parentUUID": "a186df28-21ba-4568-8b4a-6593f2f09434",
              "isHook": false,
              "skipped": false
            }
          ],
          "suites": [],
          "passes": [
            "2e2183f8-c754-44cc-bc1f-6e32239b41cf"
          ],
          "failures": [],
          "pending": [],
          "skipped": [],
          "duration": 2490,
          "root": false,
          "rootEmpty": false,
          "_timeout": 2000
        }
      ],
      "passes": [],
      "failures": [],
      "pending": [],
      "skipped": [],
      "duration": 0,
      "root": true,
      "rootEmpty": true,
      "_timeout": 2000
    }
  ],
  "meta": {
    "mocha": {
      "version": "7.0.1"
    },
    "mochawesome": {
      "options": {
        "quiet": false,
        "reportFilename": "mochawesome",
        "saveHtml": false,
        "saveJson": true,
        "consoleReporter": "spec",
        "useInlineDiffs": false,
        "code": true
      },
      "version": "7.1.3"
    },
    "marge": {
      "options": {
        "overwrite": false,
        "html": false,
        "json": true,
        "reportDir": "cypress\\reports\\html\\.jsons"
      },
      "version": "6.2.0"
    }
  }
}